running egg_info
creating build/vision_demo/vision_demo.egg-info
writing build/vision_demo/vision_demo.egg-info/PKG-INFO
writing dependency_links to build/vision_demo/vision_demo.egg-info/dependency_links.txt
writing entry points to build/vision_demo/vision_demo.egg-info/entry_points.txt
writing requirements to build/vision_demo/vision_demo.egg-info/requires.txt
writing top-level names to build/vision_demo/vision_demo.egg-info/top_level.txt
writing manifest file 'build/vision_demo/vision_demo.egg-info/SOURCES.txt'
reading manifest file 'build/vision_demo/vision_demo.egg-info/SOURCES.txt'
writing manifest file 'build/vision_demo/vision_demo.egg-info/SOURCES.txt'
running build
running build_py
creating /workspace/ros2_ws/src/vision_demo/build/vision_demo/build/lib/vision_demo
copying vision_demo/node.py -> /workspace/ros2_ws/src/vision_demo/build/vision_demo/build/lib/vision_demo
copying vision_demo/__init__.py -> /workspace/ros2_ws/src/vision_demo/build/vision_demo/build/lib/vision_demo
running install
running install_lib
creating /workspace/ros2_ws/src/vision_demo/install/vision_demo/lib/python3.10/site-packages/vision_demo
copying /workspace/ros2_ws/src/vision_demo/build/vision_demo/build/lib/vision_demo/node.py -> /workspace/ros2_ws/src/vision_demo/install/vision_demo/lib/python3.10/site-packages/vision_demo
copying /workspace/ros2_ws/src/vision_demo/build/vision_demo/build/lib/vision_demo/__init__.py -> /workspace/ros2_ws/src/vision_demo/install/vision_demo/lib/python3.10/site-packages/vision_demo
byte-compiling /workspace/ros2_ws/src/vision_demo/install/vision_demo/lib/python3.10/site-packages/vision_demo/node.py to node.cpython-310.pyc
byte-compiling /workspace/ros2_ws/src/vision_demo/install/vision_demo/lib/python3.10/site-packages/vision_demo/__init__.py to __init__.cpython-310.pyc
running install_data
creating /workspace/ros2_ws/src/vision_demo/install/vision_demo/share/ament_index/resource_index/packages
copying resource/vision_demo -> /workspace/ros2_ws/src/vision_demo/install/vision_demo/share/ament_index/resource_index/packages
copying package.xml -> /workspace/ros2_ws/src/vision_demo/install/vision_demo/share/vision_demo
running install_egg_info
Copying build/vision_demo/vision_demo.egg-info to /workspace/ros2_ws/src/vision_demo/install/vision_demo/lib/python3.10/site-packages/vision_demo-0.0.0-py3.10.egg-info
running install_scripts
Installing demo_node script to /workspace/ros2_ws/src/vision_demo/install/vision_demo/lib/vision_demo
writing list of installed files to '/workspace/ros2_ws/src/vision_demo/build/vision_demo/install.log'
