[0.372s] Invoking command in '/workspaces/ros2_ws/src/vision_demo': PYTHONPATH=/workspaces/ros2_ws/build/vision_demo/prefix_override:/usr/lib/python3/dist-packages/colcon_core/task/python/colcon_distutils_commands:/workspaces/ros2_ws/install/vision_demo/lib/python3.10/site-packages:${PYTHONPATH} /usr/bin/python3 -W ignore:setup.py install is deprecated -W ignore:easy_install command is deprecated setup.py egg_info --egg-base ../../build/vision_demo build --build-base /workspaces/ros2_ws/build/vision_demo/build install --record /workspaces/ros2_ws/build/vision_demo/install.log --single-version-externally-managed install_data
[0.507s] running egg_info
[0.508s] writing ../../build/vision_demo/vision_demo.egg-info/PKG-INFO
[0.508s] writing dependency_links to ../../build/vision_demo/vision_demo.egg-info/dependency_links.txt
[0.508s] writing entry points to ../../build/vision_demo/vision_demo.egg-info/entry_points.txt
[0.508s] writing requirements to ../../build/vision_demo/vision_demo.egg-info/requires.txt
[0.508s] writing top-level names to ../../build/vision_demo/vision_demo.egg-info/top_level.txt
[0.510s] reading manifest file '../../build/vision_demo/vision_demo.egg-info/SOURCES.txt'
[0.511s] writing manifest file '../../build/vision_demo/vision_demo.egg-info/SOURCES.txt'
[0.511s] running build
[0.511s] running build_py
[0.511s] running install
[0.511s] running install_lib
[0.513s] running install_data
[0.513s] running install_egg_info
[0.514s] removing '/workspaces/ros2_ws/install/vision_demo/lib/python3.10/site-packages/vision_demo-0.0.0-py3.10.egg-info' (and everything under it)
[0.515s] Copying ../../build/vision_demo/vision_demo.egg-info to /workspaces/ros2_ws/install/vision_demo/lib/python3.10/site-packages/vision_demo-0.0.0-py3.10.egg-info
[0.515s] running install_scripts
[0.532s] Installing pub script to /workspaces/ros2_ws/install/vision_demo/lib/vision_demo
[0.532s] Installing sub script to /workspaces/ros2_ws/install/vision_demo/lib/vision_demo
[0.532s] writing list of installed files to '/workspaces/ros2_ws/build/vision_demo/install.log'
[0.551s] Invoked command in '/workspaces/ros2_ws/src/vision_demo' returned '0': PYTHONPATH=/workspaces/ros2_ws/build/vision_demo/prefix_override:/usr/lib/python3/dist-packages/colcon_core/task/python/colcon_distutils_commands:/workspaces/ros2_ws/install/vision_demo/lib/python3.10/site-packages:${PYTHONPATH} /usr/bin/python3 -W ignore:setup.py install is deprecated -W ignore:easy_install command is deprecated setup.py egg_info --egg-base ../../build/vision_demo build --build-base /workspaces/ros2_ws/build/vision_demo/build install --record /workspaces/ros2_ws/build/vision_demo/install.log --single-version-externally-managed install_data
