running egg_info
creating ../../build/vision_demo/vision_demo.egg-info
writing ../../build/vision_demo/vision_demo.egg-info/PKG-INFO
writing dependency_links to ../../build/vision_demo/vision_demo.egg-info/dependency_links.txt
writing entry points to ../../build/vision_demo/vision_demo.egg-info/entry_points.txt
writing requirements to ../../build/vision_demo/vision_demo.egg-info/requires.txt
writing top-level names to ../../build/vision_demo/vision_demo.egg-info/top_level.txt
writing manifest file '../../build/vision_demo/vision_demo.egg-info/SOURCES.txt'
reading manifest file '../../build/vision_demo/vision_demo.egg-info/SOURCES.txt'
writing manifest file '../../build/vision_demo/vision_demo.egg-info/SOURCES.txt'
running build
running build_py
creating /workspaces/ros2_ws/build/vision_demo/build
creating /workspaces/ros2_ws/build/vision_demo/build/lib
creating /workspaces/ros2_ws/build/vision_demo/build/lib/vision_demo
copying vision_demo/__init__.py -> /workspaces/ros2_ws/build/vision_demo/build/lib/vision_demo
copying vision_demo/subscriber_node.py -> /workspaces/ros2_ws/build/vision_demo/build/lib/vision_demo
copying vision_demo/publisher_node.py -> /workspaces/ros2_ws/build/vision_demo/build/lib/vision_demo
copying vision_demo/yolo_node.py -> /workspaces/ros2_ws/build/vision_demo/build/lib/vision_demo
running install
running install_lib
creating /workspaces/ros2_ws/install/vision_demo/lib/python3.10/site-packages/vision_demo
copying /workspaces/ros2_ws/build/vision_demo/build/lib/vision_demo/__init__.py -> /workspaces/ros2_ws/install/vision_demo/lib/python3.10/site-packages/vision_demo
copying /workspaces/ros2_ws/build/vision_demo/build/lib/vision_demo/subscriber_node.py -> /workspaces/ros2_ws/install/vision_demo/lib/python3.10/site-packages/vision_demo
copying /workspaces/ros2_ws/build/vision_demo/build/lib/vision_demo/publisher_node.py -> /workspaces/ros2_ws/install/vision_demo/lib/python3.10/site-packages/vision_demo
copying /workspaces/ros2_ws/build/vision_demo/build/lib/vision_demo/yolo_node.py -> /workspaces/ros2_ws/install/vision_demo/lib/python3.10/site-packages/vision_demo
byte-compiling /workspaces/ros2_ws/install/vision_demo/lib/python3.10/site-packages/vision_demo/__init__.py to __init__.cpython-310.pyc
byte-compiling /workspaces/ros2_ws/install/vision_demo/lib/python3.10/site-packages/vision_demo/subscriber_node.py to subscriber_node.cpython-310.pyc
byte-compiling /workspaces/ros2_ws/install/vision_demo/lib/python3.10/site-packages/vision_demo/publisher_node.py to publisher_node.cpython-310.pyc
byte-compiling /workspaces/ros2_ws/install/vision_demo/lib/python3.10/site-packages/vision_demo/yolo_node.py to yolo_node.cpython-310.pyc
running install_data
creating /workspaces/ros2_ws/install/vision_demo/share/ament_index
creating /workspaces/ros2_ws/install/vision_demo/share/ament_index/resource_index
creating /workspaces/ros2_ws/install/vision_demo/share/ament_index/resource_index/packages
copying resource/vision_demo -> /workspaces/ros2_ws/install/vision_demo/share/ament_index/resource_index/packages
copying package.xml -> /workspaces/ros2_ws/install/vision_demo/share/vision_demo
running install_egg_info
Copying ../../build/vision_demo/vision_demo.egg-info to /workspaces/ros2_ws/install/vision_demo/lib/python3.10/site-packages/vision_demo-0.0.0-py3.10.egg-info
running install_scripts
Installing pub script to /workspaces/ros2_ws/install/vision_demo/lib/vision_demo
Installing sub script to /workspaces/ros2_ws/install/vision_demo/lib/vision_demo
writing list of installed files to '/workspaces/ros2_ws/build/vision_demo/install.log'
