[0.444s] Invoking command in '/workspaces/ros2_ws/src/vision_demo': PYTHONPATH=/workspaces/ros2_ws/build/vision_demo/prefix_override:/usr/lib/python3/dist-packages/colcon_core/task/python/colcon_distutils_commands:/workspaces/ros2_ws/install/vision_demo/lib/python3.10/site-packages:${PYTHONPATH} /usr/bin/python3 -W ignore:setup.py install is deprecated -W ignore:easy_install command is deprecated setup.py egg_info --egg-base ../../build/vision_demo build --build-base /workspaces/ros2_ws/build/vision_demo/build install --record /workspaces/ros2_ws/build/vision_demo/install.log --single-version-externally-managed install_data
[0.590s] running egg_info
[0.590s] creating ../../build/vision_demo/vision_demo.egg-info
[0.591s] writing ../../build/vision_demo/vision_demo.egg-info/PKG-INFO
[0.591s] writing dependency_links to ../../build/vision_demo/vision_demo.egg-info/dependency_links.txt
[0.591s] writing entry points to ../../build/vision_demo/vision_demo.egg-info/entry_points.txt
[0.593s] writing requirements to ../../build/vision_demo/vision_demo.egg-info/requires.txt
[0.594s] writing top-level names to ../../build/vision_demo/vision_demo.egg-info/top_level.txt
[0.594s] writing manifest file '../../build/vision_demo/vision_demo.egg-info/SOURCES.txt'
[0.595s] reading manifest file '../../build/vision_demo/vision_demo.egg-info/SOURCES.txt'
[0.595s] writing manifest file '../../build/vision_demo/vision_demo.egg-info/SOURCES.txt'
[0.595s] running build
[0.595s] running build_py
[0.595s] creating /workspaces/ros2_ws/build/vision_demo/build
[0.595s] creating /workspaces/ros2_ws/build/vision_demo/build/lib
[0.596s] creating /workspaces/ros2_ws/build/vision_demo/build/lib/vision_demo
[0.596s] copying vision_demo/__init__.py -> /workspaces/ros2_ws/build/vision_demo/build/lib/vision_demo
[0.596s] copying vision_demo/subscriber_node.py -> /workspaces/ros2_ws/build/vision_demo/build/lib/vision_demo
[0.596s] copying vision_demo/publisher_node.py -> /workspaces/ros2_ws/build/vision_demo/build/lib/vision_demo
[0.596s] copying vision_demo/yolo_node.py -> /workspaces/ros2_ws/build/vision_demo/build/lib/vision_demo
[0.597s] running install
[0.597s] running install_lib
[0.597s] creating /workspaces/ros2_ws/install/vision_demo/lib/python3.10/site-packages/vision_demo
[0.597s] copying /workspaces/ros2_ws/build/vision_demo/build/lib/vision_demo/__init__.py -> /workspaces/ros2_ws/install/vision_demo/lib/python3.10/site-packages/vision_demo
[0.597s] copying /workspaces/ros2_ws/build/vision_demo/build/lib/vision_demo/subscriber_node.py -> /workspaces/ros2_ws/install/vision_demo/lib/python3.10/site-packages/vision_demo
[0.598s] copying /workspaces/ros2_ws/build/vision_demo/build/lib/vision_demo/publisher_node.py -> /workspaces/ros2_ws/install/vision_demo/lib/python3.10/site-packages/vision_demo
[0.598s] copying /workspaces/ros2_ws/build/vision_demo/build/lib/vision_demo/yolo_node.py -> /workspaces/ros2_ws/install/vision_demo/lib/python3.10/site-packages/vision_demo
[0.598s] byte-compiling /workspaces/ros2_ws/install/vision_demo/lib/python3.10/site-packages/vision_demo/__init__.py to __init__.cpython-310.pyc
[0.598s] byte-compiling /workspaces/ros2_ws/install/vision_demo/lib/python3.10/site-packages/vision_demo/subscriber_node.py to subscriber_node.cpython-310.pyc
[0.599s] byte-compiling /workspaces/ros2_ws/install/vision_demo/lib/python3.10/site-packages/vision_demo/publisher_node.py to publisher_node.cpython-310.pyc
[0.599s] byte-compiling /workspaces/ros2_ws/install/vision_demo/lib/python3.10/site-packages/vision_demo/yolo_node.py to yolo_node.cpython-310.pyc
[0.599s] running install_data
[0.599s] creating /workspaces/ros2_ws/install/vision_demo/share/ament_index
[0.599s] creating /workspaces/ros2_ws/install/vision_demo/share/ament_index/resource_index
[0.600s] creating /workspaces/ros2_ws/install/vision_demo/share/ament_index/resource_index/packages
[0.600s] copying resource/vision_demo -> /workspaces/ros2_ws/install/vision_demo/share/ament_index/resource_index/packages
[0.600s] copying package.xml -> /workspaces/ros2_ws/install/vision_demo/share/vision_demo
[0.600s] running install_egg_info
[0.601s] Copying ../../build/vision_demo/vision_demo.egg-info to /workspaces/ros2_ws/install/vision_demo/lib/python3.10/site-packages/vision_demo-0.0.0-py3.10.egg-info
[0.602s] running install_scripts
[0.617s] Installing pub script to /workspaces/ros2_ws/install/vision_demo/lib/vision_demo
[0.618s] Installing sub script to /workspaces/ros2_ws/install/vision_demo/lib/vision_demo
[0.618s] writing list of installed files to '/workspaces/ros2_ws/build/vision_demo/install.log'
[0.638s] Invoked command in '/workspaces/ros2_ws/src/vision_demo' returned '0': PYTHONPATH=/workspaces/ros2_ws/build/vision_demo/prefix_override:/usr/lib/python3/dist-packages/colcon_core/task/python/colcon_distutils_commands:/workspaces/ros2_ws/install/vision_demo/lib/python3.10/site-packages:${PYTHONPATH} /usr/bin/python3 -W ignore:setup.py install is deprecated -W ignore:easy_install command is deprecated setup.py egg_info --egg-base ../../build/vision_demo build --build-base /workspaces/ros2_ws/build/vision_demo/build install --record /workspaces/ros2_ws/build/vision_demo/install.log --single-version-externally-managed install_data
