[0.351s] DEBUG:colcon:Command line arguments: ['/usr/bin/colcon', 'build']
[0.352s] DEBUG:colcon:Parsed command line arguments: Namespace(log_base=None, log_level=None, verb_name='build', build_base='build', install_base='install', merge_install=False, symlink_install=False, test_result_base=None, continue_on_error=False, executor='parallel', parallel_workers=20, event_handlers=None, ignore_user_meta=False, metas=['./colcon.meta'], base_paths=['.'], packages_ignore=None, packages_ignore_regex=None, paths=None, packages_up_to=None, packages_up_to_regex=None, packages_above=None, packages_above_and_dependencies=None, packages_above_depth=None, packages_select_by_dep=None, packages_skip_by_dep=None, packages_skip_up_to=None, packages_select_build_failed=False, packages_skip_build_finished=False, packages_select_test_failures=False, packages_skip_test_passed=False, packages_select=None, packages_skip=None, packages_select_regex=None, packages_skip_regex=None, packages_start=None, packages_end=None, cmake_args=None, cmake_target=None, cmake_target_skip_unavailable=False, cmake_clean_cache=False, cmake_clean_first=False, cmake_force_configure=False, ament_cmake_args=None, catkin_cmake_args=None, catkin_skip_building_tests=False, mixin_files=None, mixin=None, verb_parser=<colcon_mixin.mixin.mixin_argument.MixinArgumentDecorator object at 0x742aa6becb80>, verb_extension=<colcon_core.verb.build.BuildVerb object at 0x742aa6bec520>, main=<bound method BuildVerb.main of <colcon_core.verb.build.BuildVerb object at 0x742aa6bec520>>, mixin_verb=('build',))
[0.451s] Level 1:colcon.colcon_core.package_discovery:discover_packages(colcon_meta) check parameters
[0.452s] INFO:colcon.colcon_metadata.package_discovery.colcon_meta:Using configuration from '/root/.colcon/metadata/default/Gazebo.meta'
[0.452s] INFO:colcon.colcon_metadata.package_discovery.colcon_meta:Using configuration from '/root/.colcon/metadata/default/fastdds.meta'
[0.453s] INFO:colcon.colcon_metadata.package_discovery.colcon_meta:Using configuration from '/root/.colcon/metadata/default/fastrtps.meta'
[0.453s] Level 1:colcon.colcon_core.package_discovery:discover_packages(recursive) check parameters
[0.454s] Level 1:colcon.colcon_core.package_discovery:discover_packages(ignore) check parameters
[0.454s] Level 1:colcon.colcon_core.package_discovery:discover_packages(path) check parameters
[0.454s] Level 1:colcon.colcon_core.package_discovery:discover_packages(colcon_meta) discover
[0.454s] Level 1:colcon.colcon_core.package_discovery:discover_packages(recursive) discover
[0.455s] INFO:colcon.colcon_core.package_discovery:Crawling recursively for packages in '/workspace/ros2_ws/src/vision_demo'
[0.457s] Level 1:colcon.colcon_core.package_identification:_identify(.) by extensions ['ignore', 'ignore_ament_install']
[0.458s] Level 1:colcon.colcon_core.package_identification:_identify(.) by extension 'ignore'
[0.458s] Level 1:colcon.colcon_core.package_identification:_identify(.) by extension 'ignore_ament_install'
[0.458s] Level 1:colcon.colcon_core.package_identification:_identify(.) by extensions ['colcon_pkg']
[0.459s] Level 1:colcon.colcon_core.package_identification:_identify(.) by extension 'colcon_pkg'
[0.459s] Level 1:colcon.colcon_core.package_identification:_identify(.) by extensions ['colcon_meta']
[0.459s] Level 1:colcon.colcon_core.package_identification:_identify(.) by extension 'colcon_meta'
[0.459s] Level 1:colcon.colcon_core.package_identification:_identify(.) by extensions ['ros']
[0.460s] Level 1:colcon.colcon_core.package_identification:_identify(.) by extension 'ros'
[0.492s] DEBUG:colcon.colcon_core.package_identification:Package '.' with type 'ros.ament_python' and name 'vision_demo'
[0.492s] Level 1:colcon.colcon_core.package_discovery:discover_packages(recursive) using defaults
[0.492s] Level 1:colcon.colcon_core.package_discovery:discover_packages(ignore) discover
[0.492s] Level 1:colcon.colcon_core.package_discovery:discover_packages(ignore) using defaults
[0.493s] Level 1:colcon.colcon_core.package_discovery:discover_packages(path) discover
[0.493s] Level 1:colcon.colcon_core.package_discovery:discover_packages(path) using defaults
[0.537s] Level 5:colcon.colcon_core.verb:set package 'vision_demo' build argument 'cmake_args' from command line to 'None'
[0.537s] Level 5:colcon.colcon_core.verb:set package 'vision_demo' build argument 'cmake_target' from command line to 'None'
[0.537s] Level 5:colcon.colcon_core.verb:set package 'vision_demo' build argument 'cmake_target_skip_unavailable' from command line to 'False'
[0.538s] Level 5:colcon.colcon_core.verb:set package 'vision_demo' build argument 'cmake_clean_cache' from command line to 'False'
[0.538s] Level 5:colcon.colcon_core.verb:set package 'vision_demo' build argument 'cmake_clean_first' from command line to 'False'
[0.538s] Level 5:colcon.colcon_core.verb:set package 'vision_demo' build argument 'cmake_force_configure' from command line to 'False'
[0.538s] Level 5:colcon.colcon_core.verb:set package 'vision_demo' build argument 'ament_cmake_args' from command line to 'None'
[0.538s] Level 5:colcon.colcon_core.verb:set package 'vision_demo' build argument 'catkin_cmake_args' from command line to 'None'
[0.538s] Level 5:colcon.colcon_core.verb:set package 'vision_demo' build argument 'catkin_skip_building_tests' from command line to 'False'
[0.538s] DEBUG:colcon.colcon_core.verb:Building package 'vision_demo' with the following arguments: {'ament_cmake_args': None, 'build_base': '/workspace/ros2_ws/src/vision_demo/build/vision_demo', 'catkin_cmake_args': None, 'catkin_skip_building_tests': False, 'cmake_args': None, 'cmake_clean_cache': False, 'cmake_clean_first': False, 'cmake_force_configure': False, 'cmake_target': None, 'cmake_target_skip_unavailable': False, 'install_base': '/workspace/ros2_ws/src/vision_demo/install/vision_demo', 'merge_install': False, 'path': '/workspace/ros2_ws/src/vision_demo', 'symlink_install': False, 'test_result_base': None}
[0.539s] INFO:colcon.colcon_core.executor:Executing jobs using 'parallel' executor
[0.540s] DEBUG:colcon.colcon_parallel_executor.executor.parallel:run_until_complete
[0.540s] INFO:colcon.colcon_ros.task.ament_python.build:Building ROS package in '/workspace/ros2_ws/src/vision_demo' with build type 'ament_python'
[0.540s] Level 1:colcon.colcon_core.shell:create_environment_hook('vision_demo', 'ament_prefix_path')
[0.546s] INFO:colcon.colcon_core.plugin_system:Skipping extension 'colcon_core.shell.bat': Not used on non-Windows systems
[0.546s] INFO:colcon.colcon_core.shell:Creating environment hook '/workspace/ros2_ws/src/vision_demo/install/vision_demo/share/vision_demo/hook/ament_prefix_path.ps1'
[0.567s] INFO:colcon.colcon_core.shell:Creating environment descriptor '/workspace/ros2_ws/src/vision_demo/install/vision_demo/share/vision_demo/hook/ament_prefix_path.dsv'
[0.580s] INFO:colcon.colcon_core.shell:Creating environment hook '/workspace/ros2_ws/src/vision_demo/install/vision_demo/share/vision_demo/hook/ament_prefix_path.sh'
[0.591s] INFO:colcon.colcon_core.shell:Skip shell extension 'powershell' for command environment: Not usable outside of PowerShell
[0.591s] DEBUG:colcon.colcon_core.shell:Skip shell extension 'dsv' for command environment
[1.206s] INFO:colcon.colcon_core.task.python.build:Building Python package in '/workspace/ros2_ws/src/vision_demo'
[1.207s] INFO:colcon.colcon_core.shell:Skip shell extension 'powershell' for command environment: Not usable outside of PowerShell
[1.207s] DEBUG:colcon.colcon_core.shell:Skip shell extension 'dsv' for command environment
[3.027s] DEBUG:colcon.colcon_core.event_handler.log_command:Invoking command in '/workspace/ros2_ws/src/vision_demo': PYTHONPATH=/workspace/ros2_ws/src/vision_demo/build/vision_demo/prefix_override:/usr/lib/python3/dist-packages/colcon_core/task/python/colcon_distutils_commands:/workspace/ros2_ws/src/vision_demo/install/vision_demo/lib/python3.10/site-packages:${PYTHONPATH} /usr/bin/python3 -W ignore:setup.py install is deprecated -W ignore:easy_install command is deprecated setup.py egg_info --egg-base build/vision_demo build --build-base /workspace/ros2_ws/src/vision_demo/build/vision_demo/build install --record /workspace/ros2_ws/src/vision_demo/build/vision_demo/install.log --single-version-externally-managed install_data
[6.166s] DEBUG:colcon.colcon_core.event_handler.log_command:Invoked command in '/workspace/ros2_ws/src/vision_demo' returned '0': PYTHONPATH=/workspace/ros2_ws/src/vision_demo/build/vision_demo/prefix_override:/usr/lib/python3/dist-packages/colcon_core/task/python/colcon_distutils_commands:/workspace/ros2_ws/src/vision_demo/install/vision_demo/lib/python3.10/site-packages:${PYTHONPATH} /usr/bin/python3 -W ignore:setup.py install is deprecated -W ignore:easy_install command is deprecated setup.py egg_info --egg-base build/vision_demo build --build-base /workspace/ros2_ws/src/vision_demo/build/vision_demo/build install --record /workspace/ros2_ws/src/vision_demo/build/vision_demo/install.log --single-version-externally-managed install_data
[6.172s] Level 1:colcon.colcon_core.environment:checking '/workspace/ros2_ws/src/vision_demo/install/vision_demo' for CMake module files
[6.218s] Level 1:colcon.colcon_core.environment:checking '/workspace/ros2_ws/src/vision_demo/install/vision_demo' for CMake config files
[6.412s] Level 1:colcon.colcon_core.environment:checking '/workspace/ros2_ws/src/vision_demo/install/vision_demo/lib'
[6.419s] Level 1:colcon.colcon_core.environment:checking '/workspace/ros2_ws/src/vision_demo/install/vision_demo/bin'
[6.421s] Level 1:colcon.colcon_core.environment:checking '/workspace/ros2_ws/src/vision_demo/install/vision_demo/lib/pkgconfig/vision_demo.pc'
[6.424s] Level 1:colcon.colcon_core.environment:checking '/workspace/ros2_ws/src/vision_demo/install/vision_demo/lib/python3.10/site-packages'
[6.428s] Level 1:colcon.colcon_core.shell:create_environment_hook('vision_demo', 'pythonpath')
[6.428s] INFO:colcon.colcon_core.shell:Creating environment hook '/workspace/ros2_ws/src/vision_demo/install/vision_demo/share/vision_demo/hook/pythonpath.ps1'
[6.447s] INFO:colcon.colcon_core.shell:Creating environment descriptor '/workspace/ros2_ws/src/vision_demo/install/vision_demo/share/vision_demo/hook/pythonpath.dsv'
[6.526s] INFO:colcon.colcon_core.shell:Creating environment hook '/workspace/ros2_ws/src/vision_demo/install/vision_demo/share/vision_demo/hook/pythonpath.sh'
[6.555s] Level 1:colcon.colcon_core.environment:checking '/workspace/ros2_ws/src/vision_demo/install/vision_demo/bin'
[6.558s] Level 1:colcon.colcon_core.environment:create_environment_scripts_only(vision_demo)
[6.558s] INFO:colcon.colcon_core.shell:Creating package script '/workspace/ros2_ws/src/vision_demo/install/vision_demo/share/vision_demo/package.ps1'
[6.574s] INFO:colcon.colcon_core.shell:Creating package descriptor '/workspace/ros2_ws/src/vision_demo/install/vision_demo/share/vision_demo/package.dsv'
[6.589s] INFO:colcon.colcon_core.shell:Creating package script '/workspace/ros2_ws/src/vision_demo/install/vision_demo/share/vision_demo/package.sh'
[6.604s] INFO:colcon.colcon_core.shell:Creating package script '/workspace/ros2_ws/src/vision_demo/install/vision_demo/share/vision_demo/package.bash'
[6.615s] INFO:colcon.colcon_core.shell:Creating package script '/workspace/ros2_ws/src/vision_demo/install/vision_demo/share/vision_demo/package.zsh'
[6.625s] Level 1:colcon.colcon_core.environment:create_file_with_runtime_dependencies(/workspace/ros2_ws/src/vision_demo/install/vision_demo/share/colcon-core/packages/vision_demo)
[6.649s] DEBUG:colcon.colcon_parallel_executor.executor.parallel:closing loop
[6.649s] DEBUG:colcon.colcon_parallel_executor.executor.parallel:loop closed
[6.655s] DEBUG:colcon.colcon_parallel_executor.executor.parallel:run_until_complete finished with '0'
[6.663s] DEBUG:colcon.colcon_core.event_reactor:joining thread
[6.692s] INFO:colcon.colcon_core.plugin_system:Skipping extension 'colcon_notification.desktop_notification.notify_send': Could not find 'notify-send'
[6.693s] INFO:colcon.colcon_core.plugin_system:Skipping extension 'colcon_notification.desktop_notification.terminal_notifier': Not used on non-Darwin systems
[6.693s] INFO:colcon.colcon_core.plugin_system:Skipping extension 'colcon_notification.desktop_notification.win32': Not used on non-Windows systems
[6.694s] INFO:colcon.colcon_notification.desktop_notification:Sending desktop notification using 'notify2'
[6.696s] DEBUG:colcon.colcon_notification.desktop_notification.notify2:Failed to initialize notify2: org.freedesktop.DBus.Error.Spawn.ExecFailed: /usr/bin/dbus-launch terminated abnormally without any error message
[6.697s] DEBUG:colcon.colcon_core.event_reactor:joined thread
[6.697s] INFO:colcon.colcon_core.shell:Creating prefix script '/workspace/ros2_ws/src/vision_demo/install/local_setup.ps1'
[6.702s] INFO:colcon.colcon_core.shell:Creating prefix util module '/workspace/ros2_ws/src/vision_demo/install/_local_setup_util_ps1.py'
[6.710s] INFO:colcon.colcon_core.shell:Creating prefix chain script '/workspace/ros2_ws/src/vision_demo/install/setup.ps1'
[6.723s] INFO:colcon.colcon_core.shell:Creating prefix script '/workspace/ros2_ws/src/vision_demo/install/local_setup.sh'
[6.728s] INFO:colcon.colcon_core.shell:Creating prefix util module '/workspace/ros2_ws/src/vision_demo/install/_local_setup_util_sh.py'
[6.733s] INFO:colcon.colcon_core.shell:Creating prefix chain script '/workspace/ros2_ws/src/vision_demo/install/setup.sh'
[6.746s] INFO:colcon.colcon_core.shell:Creating prefix script '/workspace/ros2_ws/src/vision_demo/install/local_setup.bash'
[6.750s] INFO:colcon.colcon_core.shell:Creating prefix chain script '/workspace/ros2_ws/src/vision_demo/install/setup.bash'
[6.763s] INFO:colcon.colcon_core.shell:Creating prefix script '/workspace/ros2_ws/src/vision_demo/install/local_setup.zsh'
[6.772s] INFO:colcon.colcon_core.shell:Creating prefix chain script '/workspace/ros2_ws/src/vision_demo/install/setup.zsh'
