running egg_info
writing build/vision_demo/vision_demo.egg-info/PKG-INFO
writing dependency_links to build/vision_demo/vision_demo.egg-info/dependency_links.txt
writing entry points to build/vision_demo/vision_demo.egg-info/entry_points.txt
writing requirements to build/vision_demo/vision_demo.egg-info/requires.txt
writing top-level names to build/vision_demo/vision_demo.egg-info/top_level.txt
reading manifest file 'build/vision_demo/vision_demo.egg-info/SOURCES.txt'
writing manifest file 'build/vision_demo/vision_demo.egg-info/SOURCES.txt'
running build
running build_py
copying vision_demo/publisher_node.py -> /workspace/ros2_ws/src/vision_demo/build/vision_demo/build/lib/vision_demo
copying vision_demo/subscriber_node.py -> /workspace/ros2_ws/src/vision_demo/build/vision_demo/build/lib/vision_demo
copying vision_demo/__init__.py -> /workspace/ros2_ws/src/vision_demo/build/vision_demo/build/lib/vision_demo
running install
running install_lib
copying /workspace/ros2_ws/src/vision_demo/build/vision_demo/build/lib/vision_demo/publisher_node.py -> /workspace/ros2_ws/src/vision_demo/install/vision_demo/lib/python3.10/site-packages/vision_demo
copying /workspace/ros2_ws/src/vision_demo/build/vision_demo/build/lib/vision_demo/subscriber_node.py -> /workspace/ros2_ws/src/vision_demo/install/vision_demo/lib/python3.10/site-packages/vision_demo
byte-compiling /workspace/ros2_ws/src/vision_demo/install/vision_demo/lib/python3.10/site-packages/vision_demo/publisher_node.py to publisher_node.cpython-310.pyc
byte-compiling /workspace/ros2_ws/src/vision_demo/install/vision_demo/lib/python3.10/site-packages/vision_demo/subscriber_node.py to subscriber_node.cpython-310.pyc
running install_data
copying resource/vision_demo -> /workspace/ros2_ws/src/vision_demo/install/vision_demo/share/ament_index/resource_index/packages
copying package.xml -> /workspace/ros2_ws/src/vision_demo/install/vision_demo/share/vision_demo
running install_egg_info
removing '/workspace/ros2_ws/src/vision_demo/install/vision_demo/lib/python3.10/site-packages/vision_demo-0.0.0-py3.10.egg-info' (and everything under it)
Copying build/vision_demo/vision_demo.egg-info to /workspace/ros2_ws/src/vision_demo/install/vision_demo/lib/python3.10/site-packages/vision_demo-0.0.0-py3.10.egg-info
running install_scripts
Installing pub script to /workspace/ros2_ws/src/vision_demo/install/vision_demo/lib/vision_demo
Installing sub script to /workspace/ros2_ws/src/vision_demo/install/vision_demo/lib/vision_demo
writing list of installed files to '/workspace/ros2_ws/src/vision_demo/build/vision_demo/install.log'
