[2.723s] Invoking command in '/workspace/ros2_ws/src/vision_demo': PYTHONPATH=/workspace/ros2_ws/src/vision_demo/build/vision_demo/prefix_override:/usr/lib/python3/dist-packages/colcon_core/task/python/colcon_distutils_commands:/workspace/ros2_ws/src/vision_demo/install/vision_demo/lib/python3.10/site-packages:${PYTHONPATH} /usr/bin/python3 -W ignore:setup.py install is deprecated -W ignore:easy_install command is deprecated setup.py egg_info --egg-base build/vision_demo build --build-base /workspace/ros2_ws/src/vision_demo/build/vision_demo/build install --record /workspace/ros2_ws/src/vision_demo/build/vision_demo/install.log --single-version-externally-managed install_data
[4.614s] running egg_info
[4.649s] writing build/vision_demo/vision_demo.egg-info/PKG-INFO
[4.673s] writing dependency_links to build/vision_demo/vision_demo.egg-info/dependency_links.txt
[4.683s] writing entry points to build/vision_demo/vision_demo.egg-info/entry_points.txt
[4.693s] writing requirements to build/vision_demo/vision_demo.egg-info/requires.txt
[4.702s] writing top-level names to build/vision_demo/vision_demo.egg-info/top_level.txt
[4.944s] reading manifest file 'build/vision_demo/vision_demo.egg-info/SOURCES.txt'
[5.061s] writing manifest file 'build/vision_demo/vision_demo.egg-info/SOURCES.txt'
[5.067s] running build
[5.069s] running build_py
[5.114s] copying vision_demo/publisher_node.py -> /workspace/ros2_ws/src/vision_demo/build/vision_demo/build/lib/vision_demo
[5.254s] copying vision_demo/subscriber_node.py -> /workspace/ros2_ws/src/vision_demo/build/vision_demo/build/lib/vision_demo
[5.317s] copying vision_demo/__init__.py -> /workspace/ros2_ws/src/vision_demo/build/vision_demo/build/lib/vision_demo
[5.407s] running install
[5.409s] running install_lib
[5.517s] copying /workspace/ros2_ws/src/vision_demo/build/vision_demo/build/lib/vision_demo/publisher_node.py -> /workspace/ros2_ws/src/vision_demo/install/vision_demo/lib/python3.10/site-packages/vision_demo
[5.601s] copying /workspace/ros2_ws/src/vision_demo/build/vision_demo/build/lib/vision_demo/subscriber_node.py -> /workspace/ros2_ws/src/vision_demo/install/vision_demo/lib/python3.10/site-packages/vision_demo
[5.662s] byte-compiling /workspace/ros2_ws/src/vision_demo/install/vision_demo/lib/python3.10/site-packages/vision_demo/publisher_node.py to publisher_node.cpython-310.pyc
[5.715s] byte-compiling /workspace/ros2_ws/src/vision_demo/install/vision_demo/lib/python3.10/site-packages/vision_demo/subscriber_node.py to subscriber_node.cpython-310.pyc
[5.761s] running install_data
[5.780s] copying resource/vision_demo -> /workspace/ros2_ws/src/vision_demo/install/vision_demo/share/ament_index/resource_index/packages
[5.811s] copying package.xml -> /workspace/ros2_ws/src/vision_demo/install/vision_demo/share/vision_demo
[5.824s] running install_egg_info
[5.848s] removing '/workspace/ros2_ws/src/vision_demo/install/vision_demo/lib/python3.10/site-packages/vision_demo-0.0.0-py3.10.egg-info' (and everything under it)
[5.899s] Copying build/vision_demo/vision_demo.egg-info to /workspace/ros2_ws/src/vision_demo/install/vision_demo/lib/python3.10/site-packages/vision_demo-0.0.0-py3.10.egg-info
[6.293s] running install_scripts
[6.689s] Installing pub script to /workspace/ros2_ws/src/vision_demo/install/vision_demo/lib/vision_demo
[6.699s] Installing sub script to /workspace/ros2_ws/src/vision_demo/install/vision_demo/lib/vision_demo
[6.717s] writing list of installed files to '/workspace/ros2_ws/src/vision_demo/build/vision_demo/install.log'
[6.736s] Invoked command in '/workspace/ros2_ws/src/vision_demo' returned '0': PYTHONPATH=/workspace/ros2_ws/src/vision_demo/build/vision_demo/prefix_override:/usr/lib/python3/dist-packages/colcon_core/task/python/colcon_distutils_commands:/workspace/ros2_ws/src/vision_demo/install/vision_demo/lib/python3.10/site-packages:${PYTHONPATH} /usr/bin/python3 -W ignore:setup.py install is deprecated -W ignore:easy_install command is deprecated setup.py egg_info --egg-base build/vision_demo build --build-base /workspace/ros2_ws/src/vision_demo/build/vision_demo/build install --record /workspace/ros2_ws/src/vision_demo/build/vision_demo/install.log --single-version-externally-managed install_data
